<?xml version="1.0" encoding="UTF-8"?>
<!-- Generated by org.testng.reporters.JUnitXMLReporter -->
<testsuite ignored="0" hostname="Pravi" failures="0" tests="2" name="Error Validations Test" time="25.592" errors="0" timestamp="2026-05-31T00:55:53 IST">
  <testcase classname="frameworkProject.ErrorValidationsTest" name="LoginErrorValidation" time="0.768"/>
  <testcase classname="frameworkProject.ErrorValidationsTest" name="ProductErrorValidation" time="16.121"/>
</testsuite> <!-- Error Validations Test -->
