<?xml version="1.0" encoding="UTF-8"?>
<!-- Generated by org.testng.reporters.JUnitXMLReporter -->
<testsuite ignored="0" hostname="Pravi" failures="0" tests="3" name="Order Submission Test" time="27.677" errors="0" timestamp="2026-05-31T00:55:55 IST">
  <testcase classname="frameworkProject.OrderSubmissionTest" name="SubmitOrder" time="7.486"/>
  <testcase classname="frameworkProject.OrderSubmissionTest" name="SubmitOrder" time="7.144"/>
  <testcase classname="frameworkProject.OrderSubmissionTest" name="OrderHistoryTest" time="1.061"/>
</testsuite> <!-- Order Submission Test -->
