<?xml version="1.0" encoding="UTF-8"?>
<!-- Generated by org.testng.reporters.JUnitXMLReporter -->
<testsuite ignored="0" hostname="Pravi" failures="0" tests="2" name="Error Validations Test" time="17.423" errors="0" timestamp="2026-06-03T10:22:24 IST">
  <testcase classname="frameworkProject.ErrorValidationsTest" name="LoginErrorValidation" time="0.759"/>
  <testcase classname="frameworkProject.ErrorValidationsTest" name="ProductErrorValidation" time="6.149"/>
</testsuite> <!-- Error Validations Test -->
