<?xml version="1.0" encoding="UTF-8"?>
<!-- Generated by org.testng.reporters.JUnitXMLReporter -->
<testsuite ignored="0" hostname="Pravi" failures="0" tests="3" name="Order Submission Test" time="27.508" errors="0" timestamp="2026-06-03T10:22:52 IST">
  <testcase classname="frameworkProject.OrderSubmissionTest" name="SubmitOrder" time="7.018"/>
  <testcase classname="frameworkProject.OrderSubmissionTest" name="SubmitOrder" time="6.896"/>
  <testcase classname="frameworkProject.OrderSubmissionTest" name="OrderHistoryTest" time="0.945"/>
</testsuite> <!-- Order Submission Test -->
