<?xml version="1.0" encoding="UTF-8"?>
<testng-results ignored="0" total="5" passed="5" failed="0" skipped="0">
  <reporter-output>
  </reporter-output>
  <suite started-at="2026-06-03T10:22:07 IST" name="Suite" finished-at="2026-06-03T10:22:52 IST" duration-ms="45399">
    <groups>
      <group name="PurchaseOrder">
        <method signature="OrderSubmissionTest.SubmitOrder(java.util.HashMap)[pri:0, instance:frameworkProject.OrderSubmissionTest@7f485fda]" name="SubmitOrder" class="frameworkProject.OrderSubmissionTest"/>
      </group> <!-- PurchaseOrder -->
      <group name="Error Handling">
        <method signature="ErrorValidationsTest.LoginErrorValidation()[pri:0, instance:frameworkProject.ErrorValidationsTest@273e7444]" name="LoginErrorValidation" class="frameworkProject.ErrorValidationsTest"/>
      </group> <!-- Error Handling -->
    </groups>
    <test started-at="2026-06-03T10:22:07 IST" name="Error Validations Test" finished-at="2026-06-03T10:22:24 IST" duration-ms="17423">
      <class name="frameworkProject.ErrorValidationsTest">
        <test-method is-config="true" signature="LaunchApplication()[pri:0, instance:frameworkProject.ErrorValidationsTest@273e7444]" started-at="2026-06-03T10:22:07 IST" name="LaunchApplication" finished-at="2026-06-03T10:22:15 IST" duration-ms="8052" status="PASS">
          <reporter-output>
          </reporter-output>
        </test-method> <!-- LaunchApplication -->
        <test-method signature="LoginErrorValidation()[pri:0, instance:frameworkProject.ErrorValidationsTest@273e7444]" started-at="2026-06-03T10:22:15 IST" name="LoginErrorValidation" finished-at="2026-06-03T10:22:16 IST" duration-ms="759" status="PASS">
          <reporter-output>
          </reporter-output>
        </test-method> <!-- LoginErrorValidation -->
        <test-method is-config="true" signature="tearDown()[pri:0, instance:frameworkProject.ErrorValidationsTest@273e7444]" started-at="2026-06-03T10:22:16 IST" name="tearDown" finished-at="2026-06-03T10:22:16 IST" duration-ms="458" status="PASS">
          <reporter-output>
          </reporter-output>
        </test-method> <!-- tearDown -->
        <test-method is-config="true" signature="LaunchApplication()[pri:0, instance:frameworkProject.ErrorValidationsTest@273e7444]" started-at="2026-06-03T10:22:16 IST" name="LaunchApplication" finished-at="2026-06-03T10:22:18 IST" duration-ms="1676" status="PASS">
          <reporter-output>
          </reporter-output>
        </test-method> <!-- LaunchApplication -->
        <test-method signature="ProductErrorValidation()[pri:0, instance:frameworkProject.ErrorValidationsTest@273e7444]" started-at="2026-06-03T10:22:18 IST" name="ProductErrorValidation" finished-at="2026-06-03T10:22:24 IST" duration-ms="6149" status="PASS">
          <reporter-output>
          </reporter-output>
        </test-method> <!-- ProductErrorValidation -->
        <test-method is-config="true" signature="tearDown()[pri:0, instance:frameworkProject.ErrorValidationsTest@273e7444]" started-at="2026-06-03T10:22:24 IST" name="tearDown" finished-at="2026-06-03T10:22:24 IST" duration-ms="250" status="PASS">
          <reporter-output>
          </reporter-output>
        </test-method> <!-- tearDown -->
      </class> <!-- frameworkProject.ErrorValidationsTest -->
    </test> <!-- Error Validations Test -->
    <test started-at="2026-06-03T10:22:25 IST" name="Order Submission Test" finished-at="2026-06-03T10:22:52 IST" duration-ms="27508">
      <class name="frameworkProject.OrderSubmissionTest">
        <test-method is-config="true" signature="LaunchApplication()[pri:0, instance:frameworkProject.OrderSubmissionTest@7f485fda]" started-at="2026-06-03T10:22:25 IST" name="LaunchApplication" finished-at="2026-06-03T10:22:29 IST" duration-ms="3977" status="PASS">
          <reporter-output>
          </reporter-output>
        </test-method> <!-- LaunchApplication -->
        <test-method signature="SubmitOrder(java.util.HashMap)[pri:0, instance:frameworkProject.OrderSubmissionTest@7f485fda]" started-at="2026-06-03T10:22:29 IST" name="SubmitOrder" data-provider="GetData" finished-at="2026-06-03T10:22:36 IST" duration-ms="7018" status="PASS">
          <params>
            <param index="0">
              <value>
                <![CDATA[{password=Asurion@123, product=ZARA COAT 3, email=123abc123@gmail.com}]]>
              </value>
            </param>
          </params>
          <reporter-output>
          </reporter-output>
        </test-method> <!-- SubmitOrder -->
        <test-method is-config="true" signature="tearDown()[pri:0, instance:frameworkProject.OrderSubmissionTest@7f485fda]" started-at="2026-06-03T10:22:36 IST" name="tearDown" finished-at="2026-06-03T10:22:36 IST" duration-ms="288" status="PASS">
          <reporter-output>
          </reporter-output>
        </test-method> <!-- tearDown -->
        <test-method is-config="true" signature="LaunchApplication()[pri:0, instance:frameworkProject.OrderSubmissionTest@7f485fda]" started-at="2026-06-03T10:22:36 IST" name="LaunchApplication" finished-at="2026-06-03T10:22:39 IST" duration-ms="3056" status="PASS">
          <reporter-output>
          </reporter-output>
        </test-method> <!-- LaunchApplication -->
        <test-method signature="SubmitOrder(java.util.HashMap)[pri:0, instance:frameworkProject.OrderSubmissionTest@7f485fda]" started-at="2026-06-03T10:22:39 IST" name="SubmitOrder" data-provider="GetData" finished-at="2026-06-03T10:22:46 IST" duration-ms="6896" status="PASS">
          <params>
            <param index="0">
              <value>
                <![CDATA[{password=Asurion@1234, product=ADIDAS ORIGINAL, email=1234abc1234@gmail.com}]]>
              </value>
            </param>
          </params>
          <reporter-output>
          </reporter-output>
        </test-method> <!-- SubmitOrder -->
        <test-method is-config="true" signature="tearDown()[pri:0, instance:frameworkProject.OrderSubmissionTest@7f485fda]" started-at="2026-06-03T10:22:46 IST" name="tearDown" finished-at="2026-06-03T10:22:46 IST" duration-ms="268" status="PASS">
          <reporter-output>
          </reporter-output>
        </test-method> <!-- tearDown -->
        <test-method is-config="true" signature="LaunchApplication()[pri:0, instance:frameworkProject.OrderSubmissionTest@7f485fda]" started-at="2026-06-03T10:22:46 IST" name="LaunchApplication" finished-at="2026-06-03T10:22:51 IST" duration-ms="4512" status="PASS">
          <reporter-output>
          </reporter-output>
        </test-method> <!-- LaunchApplication -->
        <test-method signature="OrderHistoryTest()[pri:0, instance:frameworkProject.OrderSubmissionTest@7f485fda]" started-at="2026-06-03T10:22:51 IST" name="OrderHistoryTest" finished-at="2026-06-03T10:22:52 IST" depends-on-methods="frameworkProject.OrderSubmissionTest.SubmitOrder" duration-ms="945" status="PASS">
          <reporter-output>
          </reporter-output>
        </test-method> <!-- OrderHistoryTest -->
        <test-method is-config="true" signature="tearDown()[pri:0, instance:frameworkProject.OrderSubmissionTest@7f485fda]" started-at="2026-06-03T10:22:52 IST" name="tearDown" finished-at="2026-06-03T10:22:52 IST" duration-ms="251" status="PASS">
          <reporter-output>
          </reporter-output>
        </test-method> <!-- tearDown -->
      </class> <!-- frameworkProject.OrderSubmissionTest -->
    </test> <!-- Order Submission Test -->
  </suite> <!-- Suite -->
</testng-results>
