<?xml version="1.0" encoding="UTF-8"?>
<!-- Generated by org.testng.reporters.JUnitReportReporter -->
<testsuite hostname="Pravi" failures="0" tests="2" name="frameworkProject.ErrorValidationsTest" time="25.516" errors="0" timestamp="2026-05-31T00:55:55 IST" skipped="0">
  <testcase classname="frameworkProject.ErrorValidationsTest" name="LoginErrorValidation" time="5.664"/>
  <testcase classname="frameworkProject.ErrorValidationsTest" name="ProductErrorValidation" time="19.852"/>
</testsuite> <!-- frameworkProject.ErrorValidationsTest -->
