<?xml version="1.0" encoding="UTF-8"?>
<!-- Generated by org.testng.reporters.JUnitReportReporter -->
<testsuite hostname="Pravi" failures="0" tests="3" name="frameworkProject.OrderSubmissionTest" time="27.348" errors="0" timestamp="2026-05-31T00:55:55 IST" skipped="0">
  <testcase classname="frameworkProject.OrderSubmissionTest" name="OrderHistoryTest" time="6.254"/>
  <testcase classname="frameworkProject.OrderSubmissionTest" name="SubmitOrder" time="9.667"/>
  <testcase classname="frameworkProject.OrderSubmissionTest" name="SubmitOrder" time="11.427"/>
</testsuite> <!-- frameworkProject.OrderSubmissionTest -->
