<?xml version="1.0" encoding="UTF-8"?>
<!-- Generated by org.testng.reporters.JUnitReportReporter -->
<testsuite hostname="Pravi" failures="0" tests="2" name="frameworkProject.ErrorValidationsTest" time="17.344" errors="0" timestamp="2026-06-03T10:22:52 IST" skipped="0">
  <testcase classname="frameworkProject.ErrorValidationsTest" name="LoginErrorValidation" time="9.269"/>
  <testcase classname="frameworkProject.ErrorValidationsTest" name="ProductErrorValidation" time="8.075"/>
</testsuite> <!-- frameworkProject.ErrorValidationsTest -->
