<?xml version="1.0" encoding="UTF-8"?>
<!-- Generated by org.testng.reporters.JUnitReportReporter -->
<testsuite hostname="Pravi" failures="0" tests="3" name="frameworkProject.OrderSubmissionTest" time="27.211" errors="0" timestamp="2026-06-03T10:22:52 IST" skipped="0">
  <testcase classname="frameworkProject.OrderSubmissionTest" name="OrderHistoryTest" time="5.173"/>
  <testcase classname="frameworkProject.OrderSubmissionTest" name="SubmitOrder" time="10.362"/>
  <testcase classname="frameworkProject.OrderSubmissionTest" name="SubmitOrder" time="11.676"/>
</testsuite> <!-- frameworkProject.OrderSubmissionTest -->
